This file contains any messages produced by compilers while
running configure, to aid debugging if configure makes a mistake.

It was created by cctools configure 836, which was
generated by GNU Autoconf 2.68.  Invocation command line was

  $ ./configure --target=arm-apple-darwin11 --prefix=/

## --------- ##
## Platform. ##
## --------- ##

hostname = linaro-ubuntu-desktop
uname -m = armv7l
uname -r = 3.3.1-37-linaro-lt-ux500
uname -s = Linux
uname -v = #37~lt~ci~20120524012446+1337874072~4fbea4f1 SMP PREEMPT Fri Aug

/usr/bin/uname -p = unknown
/bin/uname -X     = unknown

/bin/arch              = unknown
/usr/bin/arch -k       = unknown
/usr/convex/getsysinfo = unknown
/usr/bin/hostinfo      = unknown
/bin/machine           = unknown
/usr/bin/oslevel       = unknown
/bin/universe          = unknown

PATH: /usr/local/sbin
PATH: /usr/local/bin
PATH: /usr/sbin
PATH: /usr/bin
PATH: /sbin
PATH: /bin
PATH: /usr/games


## ----------- ##
## Core tests. ##
## ----------- ##

configure:2339: checking build system type
configure:2353: result: armv7l-unknown-linux-gnueabihf
configure:2373: checking host system type
configure:2386: result: armv7l-unknown-linux-gnueabihf
configure:2406: checking target system type
configure:2419: result: arm-apple-darwin11
configure:2478: checking for a BSD-compatible install
configure:2546: result: /usr/bin/install -c
configure:2557: checking whether build environment is sane
configure:2607: result: yes
configure:2738: checking for a thread-safe mkdir -p
configure:2777: result: /bin/mkdir -p
configure:2790: checking for gawk
configure:2806: found /usr/bin/gawk
configure:2817: result: gawk
configure:2828: checking whether make sets $(MAKE)
configure:2850: result: yes
configure:2916: checking how to create a ustar tar archive
configure:2929: tar --version
tar (GNU tar) 1.26
Copyright (C) 2011 Free Software Foundation, Inc.
License GPLv3+: GNU GPL version 3 or later <http://gnu.org/licenses/gpl.html>.
This is free software: you are free to change and redistribute it.
There is NO WARRANTY, to the extent permitted by law.

Written by John Gilmore and Jay Fenlason.
configure:2932: $? = 0
configure:2972: tardir=conftest.dir && eval tar --format=ustar -chf - "$tardir" >conftest.tar
configure:2975: $? = 0
configure:2979: tar -xf - <conftest.tar
configure:2982: $? = 0
configure:2995: result: gnutar
configure:3007: checking whether to enable maintainer-specific portions of Makefiles
configure:3016: result: no
configure:3081: checking how to print strings
configure:3108: result: printf
configure:3141: checking for style of include used by make
configure:3169: result: GNU
configure:3240: checking for gcc
configure:3267: result: clang
configure:3496: checking for C compiler version
configure:3505: clang --version >&5
Ubuntu clang version 3.0-6ubuntu3 (tags/RELEASE_30/final) (based on LLVM 3.0)
Target: arm-unknown-linux-gnueabihf
Thread model: posix
configure:3516: $? = 0
configure:3505: clang -v >&5
Ubuntu clang version 3.0-6ubuntu3 (tags/RELEASE_30/final) (based on LLVM 3.0)
Target: arm-unknown-linux-gnueabihf
Thread model: posix
configure:3516: $? = 0
configure:3505: clang -V >&5
clang: error: argument to '-V' is missing (expected 1 value)
clang: error: no input files
configure:3516: $? = 1
configure:3505: clang -qversion >&5
clang: error: no input files
configure:3516: $? = 1
configure:3536: checking whether the C compiler works
configure:3558: clang    conftest.c  >&5
configure:3562: $? = 0
configure:3610: result: yes
configure:3613: checking for C compiler default output file name
configure:3615: result: a.out
configure:3621: checking for suffix of executables
configure:3628: clang -o conftest    conftest.c  >&5
configure:3632: $? = 0
configure:3654: result: 
configure:3676: checking whether we are cross compiling
configure:3684: clang -o conftest    conftest.c  >&5
configure:3688: $? = 0
configure:3695: ./conftest
configure:3699: $? = 0
configure:3714: result: no
configure:3719: checking for suffix of object files
configure:3741: clang -c   conftest.c >&5
configure:3745: $? = 0
configure:3766: result: o
configure:3770: checking whether we are using the GNU C compiler
configure:3789: clang -c   conftest.c >&5
configure:3789: $? = 0
configure:3798: result: yes
configure:3807: checking whether clang accepts -g
configure:3827: clang -c -g  conftest.c >&5
configure:3827: $? = 0
configure:3868: result: yes
configure:3885: checking for clang option to accept ISO C89
configure:3949: clang  -c -g -O2  conftest.c >&5
configure:3949: $? = 0
configure:3962: result: none needed
configure:3984: checking dependency style of clang
configure:4095: result: gcc3
configure:4110: checking for a sed that does not truncate output
configure:4174: result: /bin/sed
configure:4192: checking for grep that handles long lines and -e
configure:4250: result: /bin/grep
configure:4255: checking for egrep
configure:4317: result: /bin/grep -E
configure:4322: checking for fgrep
configure:4384: result: /bin/grep -F
configure:4419: checking for ld used by clang
configure:4486: result: /usr/bin/ld
configure:4493: checking if the linker (/usr/bin/ld) is GNU ld
configure:4508: result: yes
configure:4520: checking for BSD- or MS-compatible name lister (nm)
configure:4569: result: /usr/bin/nm -B
configure:4699: checking the name lister (/usr/bin/nm -B) interface
configure:4706: clang -c -g -O2  conftest.c >&5
configure:4709: /usr/bin/nm -B "conftest.o"
configure:4712: output
00000000 B some_variable
configure:4719: result: BSD nm
configure:4722: checking whether ln -s works
configure:4726: result: yes
configure:4734: checking the maximum length of command line arguments
configure:4864: result: 805306365
configure:4881: checking whether the shell understands some XSI constructs
configure:4891: result: yes
configure:4895: checking whether the shell understands "+="
configure:4901: result: yes
configure:4936: checking how to convert armv7l-unknown-linux-gnueabihf file names to armv7l-unknown-linux-gnueabihf format
configure:4976: result: func_convert_file_noop
configure:4983: checking how to convert armv7l-unknown-linux-gnueabihf file names to toolchain format
configure:5003: result: func_convert_file_noop
configure:5010: checking for /usr/bin/ld option to reload object files
configure:5017: result: -r
configure:5091: checking for objdump
configure:5107: found /usr/bin/objdump
configure:5118: result: objdump
configure:5150: checking how to recognize dependent libraries
configure:5352: result: pass_all
configure:5437: checking for dlltool
configure:5467: result: no
configure:5497: checking how to associate runtime and link libraries
configure:5524: result: printf %s\n
configure:5585: checking for ar
configure:5601: found /usr/bin/ar
configure:5612: result: ar
configure:5649: checking for archiver @FILE support
configure:5666: clang -c -g -O2  conftest.c >&5
configure:5666: $? = 0
configure:5669: ar cru libconftest.a @conftest.lst >&5
configure:5672: $? = 0
configure:5677: ar cru libconftest.a @conftest.lst >&5
ar: conftest.o: No such file or directory
configure:5680: $? = 1
configure:5692: result: @
configure:5750: checking for strip
configure:5766: found /usr/bin/strip
configure:5777: result: strip
configure:5849: checking for ranlib
configure:5865: found /usr/bin/ranlib
configure:5876: result: ranlib
configure:5978: checking command to parse /usr/bin/nm -B output from clang object
configure:6098: clang -c -g -O2  conftest.c >&5
configure:6101: $? = 0
configure:6105: /usr/bin/nm -B conftest.o \| sed -n -e 's/^.*[ ]\([ABCDGIRSTW][ABCDGIRSTW]*\)[ ][ ]*\([_A-Za-z][_A-Za-z0-9]*\)$/\1 \2 \2/p' | sed '/ __gnu_lto/d' \> conftest.nm
configure:6108: $? = 0
configure:6174: clang -o conftest -g -O2   conftest.c conftstm.o >&5
configure:6177: $? = 0
configure:6215: result: ok
configure:6252: checking for sysroot
configure:6282: result: no
configure:6538: checking for mt
configure:6554: found /bin/mt
configure:6565: result: mt
configure:6588: checking if mt is a manifest tool
configure:6594: mt '-?'
configure:6602: result: no
configure:7244: checking how to run the C preprocessor
configure:7314: result: clang -E
configure:7334: clang -E  conftest.c
configure:7334: $? = 0
configure:7348: clang -E  conftest.c
conftest.c:9:10: fatal error: 'ac_nonexistent.h' file not found
#include <ac_nonexistent.h>
         ^
1 error generated.
configure:7348: $? = 1
configure: failed program was:
| /* confdefs.h */
| #define PACKAGE_NAME "cctools"
| #define PACKAGE_TARNAME "cctools"
| #define PACKAGE_VERSION "836"
| #define PACKAGE_STRING "cctools 836"
| #define PACKAGE_BUGREPORT "cjacker@gmail.com"
| #define PACKAGE_URL ""
| /* end confdefs.h.  */
| #include <ac_nonexistent.h>
configure:7377: checking for ANSI C header files
configure:7397: clang -c -g -O2  conftest.c >&5
configure:7397: $? = 0
configure:7470: clang -o conftest -g -O2   conftest.c  >&5
configure:7470: $? = 0
configure:7470: ./conftest
configure:7470: $? = 0
configure:7481: result: yes
configure:7494: checking for sys/types.h
configure:7494: clang -c -g -O2  conftest.c >&5
configure:7494: $? = 0
configure:7494: result: yes
configure:7494: checking for sys/stat.h
configure:7494: clang -c -g -O2  conftest.c >&5
configure:7494: $? = 0
configure:7494: result: yes
configure:7494: checking for stdlib.h
configure:7494: clang -c -g -O2  conftest.c >&5
configure:7494: $? = 0
configure:7494: result: yes
configure:7494: checking for string.h
configure:7494: clang -c -g -O2  conftest.c >&5
configure:7494: $? = 0
configure:7494: result: yes
configure:7494: checking for memory.h
configure:7494: clang -c -g -O2  conftest.c >&5
configure:7494: $? = 0
configure:7494: result: yes
configure:7494: checking for strings.h
configure:7494: clang -c -g -O2  conftest.c >&5
configure:7494: $? = 0
configure:7494: result: yes
configure:7494: checking for inttypes.h
configure:7494: clang -c -g -O2  conftest.c >&5
configure:7494: $? = 0
configure:7494: result: yes
configure:7494: checking for stdint.h
configure:7494: clang -c -g -O2  conftest.c >&5
configure:7494: $? = 0
configure:7494: result: yes
configure:7494: checking for unistd.h
configure:7494: clang -c -g -O2  conftest.c >&5
configure:7494: $? = 0
configure:7494: result: yes
configure:7508: checking for dlfcn.h
configure:7508: clang -c -g -O2  conftest.c >&5
configure:7508: $? = 0
configure:7508: result: yes
configure:7713: checking for objdir
configure:7728: result: .libs
configure:7995: checking if clang supports -fno-rtti -fno-exceptions
configure:8013: clang -c -g -O2  -fno-rtti -fno-exceptions conftest.c >&5
configure:8017: $? = 0
configure:8030: result: yes
configure:8357: checking for clang option to produce PIC
configure:8364: result: -fPIC -DPIC
configure:8372: checking if clang PIC flag -fPIC -DPIC works
configure:8390: clang -c -g -O2  -fPIC -DPIC -DPIC conftest.c >&5
configure:8394: $? = 0
configure:8407: result: yes
configure:8436: checking if clang static flag -static works
configure:8464: result: yes
configure:8479: checking if clang supports -c -o file.o
configure:8500: clang -c -g -O2  -o out/conftest2.o conftest.c >&5
configure:8504: $? = 0
configure:8526: result: yes
configure:8534: checking if clang supports -c -o file.o
configure:8581: result: yes
configure:8614: checking whether the clang linker (/usr/bin/ld) supports shared libraries
configure:9771: result: yes
configure:9808: checking whether -lc should be explicitly linked in
configure:9816: clang -c -g -O2  conftest.c >&5
configure:9819: $? = 0
configure:9834: clang -shared  -fPIC -DPIC conftest.o  -v -Wl,-soname -Wl,conftest -o conftest 2\>\&1 \| /bin/grep  -lc  \>/dev/null 2\>\&1
configure:9837: $? = 0
configure:9851: result: no
configure:10011: checking dynamic linker characteristics
configure:10522: clang -o conftest -g -O2   -Wl,-rpath -Wl,/foo conftest.c  >&5
configure:10522: $? = 0
configure:10756: result: GNU/Linux ld.so
configure:10863: checking how to hardcode library paths into programs
configure:10888: result: immediate
configure:11428: checking whether stripping libraries is possible
configure:11433: result: yes
configure:11468: checking if libtool supports shared libraries
configure:11470: result: yes
configure:11473: checking whether to build shared libraries
configure:11494: result: yes
configure:11497: checking whether to build static libraries
configure:11501: result: no
configure:11653: checking for C compiler version
configure:11662: clang --version >&5
Ubuntu clang version 3.0-6ubuntu3 (tags/RELEASE_30/final) (based on LLVM 3.0)
Target: arm-unknown-linux-gnueabihf
Thread model: posix
configure:11673: $? = 0
configure:11662: clang -v >&5
Ubuntu clang version 3.0-6ubuntu3 (tags/RELEASE_30/final) (based on LLVM 3.0)
Target: arm-unknown-linux-gnueabihf
Thread model: posix
configure:11673: $? = 0
configure:11662: clang -V >&5
clang: error: argument to '-V' is missing (expected 1 value)
clang: error: no input files
configure:11673: $? = 1
configure:11662: clang -qversion >&5
clang: error: no input files
configure:11673: $? = 1
configure:11677: checking whether we are using the GNU C compiler
configure:11705: result: yes
configure:11714: checking whether clang accepts -g
configure:11775: result: yes
configure:11792: checking for clang option to accept ISO C89
configure:11869: result: none needed
configure:11891: checking dependency style of clang
configure:12002: result: gcc3
configure:12129: checking for C++ compiler version
configure:12138: clang++ --version >&5
Ubuntu clang version 3.0-6ubuntu3 (tags/RELEASE_30/final) (based on LLVM 3.0)
Target: arm-unknown-linux-gnueabihf
Thread model: posix
configure:12149: $? = 0
configure:12138: clang++ -v >&5
Ubuntu clang version 3.0-6ubuntu3 (tags/RELEASE_30/final) (based on LLVM 3.0)
Target: arm-unknown-linux-gnueabihf
Thread model: posix
configure:12149: $? = 0
configure:12138: clang++ -V >&5
clang: error: argument to '-V' is missing (expected 1 value)
clang: error: no input files
configure:12149: $? = 1
configure:12138: clang++ -qversion >&5
clang: error: no input files
configure:12149: $? = 1
configure:12153: checking whether we are using the GNU C++ compiler
configure:12172: clang++ -c   conftest.cpp >&5
configure:12172: $? = 0
configure:12181: result: yes
configure:12190: checking whether clang++ accepts -g
configure:12210: clang++ -c -g  conftest.cpp >&5
configure:12210: $? = 0
configure:12251: result: yes
configure:12276: checking dependency style of clang++
configure:12387: result: gcc3
configure:12420: checking how to run the C++ preprocessor
configure:12447: clang++ -E  conftest.cpp
configure:12447: $? = 0
configure:12461: clang++ -E  conftest.cpp
conftest.cpp:21:10: fatal error: 'ac_nonexistent.h' file not found
#include <ac_nonexistent.h>
         ^
1 error generated.
configure:12461: $? = 1
configure: failed program was:
| /* confdefs.h */
| #define PACKAGE_NAME "cctools"
| #define PACKAGE_TARNAME "cctools"
| #define PACKAGE_VERSION "836"
| #define PACKAGE_STRING "cctools 836"
| #define PACKAGE_BUGREPORT "cjacker@gmail.com"
| #define PACKAGE_URL ""
| #define STDC_HEADERS 1
| #define HAVE_SYS_TYPES_H 1
| #define HAVE_SYS_STAT_H 1
| #define HAVE_STDLIB_H 1
| #define HAVE_STRING_H 1
| #define HAVE_MEMORY_H 1
| #define HAVE_STRINGS_H 1
| #define HAVE_INTTYPES_H 1
| #define HAVE_STDINT_H 1
| #define HAVE_UNISTD_H 1
| #define HAVE_DLFCN_H 1
| #define LT_OBJDIR ".libs/"
| /* end confdefs.h.  */
| #include <ac_nonexistent.h>
configure:12486: result: clang++ -E
configure:12506: clang++ -E  conftest.cpp
configure:12506: $? = 0
configure:12520: clang++ -E  conftest.cpp
conftest.cpp:21:10: fatal error: 'ac_nonexistent.h' file not found
#include <ac_nonexistent.h>
         ^
1 error generated.
configure:12520: $? = 1
configure: failed program was:
| /* confdefs.h */
| #define PACKAGE_NAME "cctools"
| #define PACKAGE_TARNAME "cctools"
| #define PACKAGE_VERSION "836"
| #define PACKAGE_STRING "cctools 836"
| #define PACKAGE_BUGREPORT "cjacker@gmail.com"
| #define PACKAGE_URL ""
| #define STDC_HEADERS 1
| #define HAVE_SYS_TYPES_H 1
| #define HAVE_SYS_STAT_H 1
| #define HAVE_STDLIB_H 1
| #define HAVE_STRING_H 1
| #define HAVE_MEMORY_H 1
| #define HAVE_STRINGS_H 1
| #define HAVE_INTTYPES_H 1
| #define HAVE_STDINT_H 1
| #define HAVE_UNISTD_H 1
| #define HAVE_DLFCN_H 1
| #define LT_OBJDIR ".libs/"
| /* end confdefs.h.  */
| #include <ac_nonexistent.h>
configure:12689: checking for ld used by clang++
configure:12756: result: /usr/bin/ld
configure:12763: checking if the linker (/usr/bin/ld) is GNU ld
configure:12778: result: yes
configure:12833: checking whether the clang++ linker (/usr/bin/ld) supports shared libraries
configure:13838: result: yes
configure:13874: clang++ -c -g -O2  conftest.cpp >&5
configure:13877: $? = 0
configure:14397: checking for clang++ option to produce PIC
configure:14404: result: -fPIC -DPIC
configure:14412: checking if clang++ PIC flag -fPIC -DPIC works
configure:14430: clang++ -c -g -O2  -fPIC -DPIC -DPIC conftest.cpp >&5
configure:14434: $? = 0
configure:14447: result: yes
configure:14470: checking if clang++ static flag -static works
configure:14498: result: yes
configure:14510: checking if clang++ supports -c -o file.o
configure:14531: clang++ -c -g -O2  -o out/conftest2.o conftest.cpp >&5
configure:14535: $? = 0
configure:14557: result: yes
configure:14562: checking if clang++ supports -c -o file.o
configure:14609: result: yes
configure:14639: checking whether the clang++ linker (/usr/bin/ld) supports shared libraries
configure:14678: result: yes
configure:14819: checking dynamic linker characteristics
configure:15498: result: GNU/Linux ld.so
configure:15551: checking how to hardcode library paths into programs
configure:15576: result: immediate
configure:15617: checking whether clang and cc understand -c and -o together
configure:15648: clang -c conftest.c -o conftest2.o >&5
configure:15652: $? = 0
configure:15658: clang -c conftest.c -o conftest2.o >&5
configure:15662: $? = 0
configure:15673: cc -c conftest.c >&5
configure:15677: $? = 0
configure:15685: cc -c conftest.c -o conftest2.o >&5
configure:15689: $? = 0
configure:15695: cc -c conftest.c -o conftest2.o >&5
configure:15699: $? = 0
configure:15717: result: yes
configure:15796: checking for clang
configure:15812: found /usr/bin/clang
configure:15823: result: clang
configure:15848: checking for Objective C compiler version
configure:15857: clang --version >&5
Ubuntu clang version 3.0-6ubuntu3 (tags/RELEASE_30/final) (based on LLVM 3.0)
Target: arm-unknown-linux-gnueabihf
Thread model: posix
configure:15868: $? = 0
configure:15857: clang -v >&5
Ubuntu clang version 3.0-6ubuntu3 (tags/RELEASE_30/final) (based on LLVM 3.0)
Target: arm-unknown-linux-gnueabihf
Thread model: posix
configure:15868: $? = 0
configure:15857: clang -V >&5
clang: error: argument to '-V' is missing (expected 1 value)
clang: error: no input files
configure:15868: $? = 1
configure:15857: clang -qversion >&5
clang: error: no input files
configure:15868: $? = 1
configure:15872: checking whether we are using the GNU Objective C compiler
configure:15891: clang -c   conftest.m >&5
configure:15891: $? = 0
configure:15900: result: yes
configure:15909: checking whether clang accepts -g
configure:15929: clang -c -g  conftest.m >&5
configure:15929: $? = 0
configure:15970: result: yes
configure:15995: checking dependency style of clang
configure:16104: result: gcc3
configure:16128: checking dependency style of clang
configure:16237: result: gcc3
configure:16296: checking for ranlib
configure:16312: found /usr/bin/ranlib
configure:16323: result: ranlib
configure:16388: checking for ar
configure:16404: found /usr/bin/ar
configure:16415: result: ar
configure:16523: checking if -Wall is supported
configure:16529: clang -c -g -O2 -Wall  conftest.c >&5
configure:16529: $? = 0
configure:16531: result: yes
configure:16543: checking if -Wno-long-long is supported
configure:16549: clang -c -g -O2 -Wno-long-long  conftest.c >&5
configure:16549: $? = 0
configure:16551: result: yes
configure:16563: checking if -Wno-import is supported
configure:16569: clang -c -g -O2 -Wno-import  conftest.c >&5
configure:16569: $? = 0
configure:16571: result: yes
configure:16583: checking if -Wno-format is supported
configure:16589: clang -c -g -O2 -Wno-format  conftest.c >&5
configure:16589: $? = 0
configure:16591: result: yes
configure:16603: checking if -Wno-deprecated is supported
configure:16609: clang -c -g -O2 -Wno-deprecated  conftest.c >&5
configure:16609: $? = 0
configure:16611: result: yes
configure:16623: checking if -Wno-unused-variable is supported
configure:16629: clang -c -g -O2 -Wno-unused-variable  conftest.c >&5
configure:16629: $? = 0
configure:16631: result: yes
configure:16643: checking if -Wno-invalid-offsetof is supported
configure:16649: clang -c -g -O2 -Wno-invalid-offsetof  conftest.c >&5
configure:16649: $? = 0
configure:16651: result: yes
configure:16665: checking for dlopen in -ldl
configure:16690: clang -o conftest -g -O2   conftest.c -ldl   >&5
configure:16690: $? = 0
configure:16699: result: yes
configure:16709: checking for pthread_create in -lpthread
configure:16734: clang -o conftest -g -O2   conftest.c -lpthread   >&5
configure:16734: $? = 0
configure:16743: result: yes
configure:16753: checking for uuid_generate_random in -luuid
configure:16778: clang -o conftest -g -O2   conftest.c -luuid   >&5
configure:16778: $? = 0
configure:16787: result: yes
configure:16797: checking for MD5_Init in -lcrypto
configure:16822: clang -o conftest -g -O2   conftest.c -lcrypto   >&5
configure:16822: $? = 0
configure:16831: result: yes
configure:16841: checking whether byte ordering is bigendian
configure:16856: clang -c -g -O2  conftest.c >&5
conftest.c:26:9: error: unknown type name 'not'
               not a universal capable compiler
               ^
conftest.c:26:14: error: expected ';' after top level declarator
               not a universal capable compiler
                    ^
                    ;
2 errors generated.
configure:16856: $? = 1
configure: failed program was:
| /* confdefs.h */
| #define PACKAGE_NAME "cctools"
| #define PACKAGE_TARNAME "cctools"
| #define PACKAGE_VERSION "836"
| #define PACKAGE_STRING "cctools 836"
| #define PACKAGE_BUGREPORT "cjacker@gmail.com"
| #define PACKAGE_URL ""
| #define STDC_HEADERS 1
| #define HAVE_SYS_TYPES_H 1
| #define HAVE_SYS_STAT_H 1
| #define HAVE_STDLIB_H 1
| #define HAVE_STRING_H 1
| #define HAVE_MEMORY_H 1
| #define HAVE_STRINGS_H 1
| #define HAVE_INTTYPES_H 1
| #define HAVE_STDINT_H 1
| #define HAVE_UNISTD_H 1
| #define HAVE_DLFCN_H 1
| #define LT_OBJDIR ".libs/"
| #define EMULATED_HOST_CPU_TYPE 12
| #define EMULATED_HOST_CPU_SUBTYPE 0
| #define __STDC_LIMIT_MACROS 1
| #define __STDC_CONSTANT_MACROS 1
| /* end confdefs.h.  */
| #ifndef __APPLE_CC__
| 	       not a universal capable compiler
| 	     #endif
| 	     typedef int dummy;
| 
configure:16901: clang -c -g -O2  conftest.c >&5
configure:16901: $? = 0
configure:16919: clang -c -g -O2  conftest.c >&5
conftest.c:32:4: error: use of undeclared identifier 'not'
                 not big endian
                 ^
1 error generated.
configure:16919: $? = 1
configure: failed program was:
| /* confdefs.h */
| #define PACKAGE_NAME "cctools"
| #define PACKAGE_TARNAME "cctools"
| #define PACKAGE_VERSION "836"
| #define PACKAGE_STRING "cctools 836"
| #define PACKAGE_BUGREPORT "cjacker@gmail.com"
| #define PACKAGE_URL ""
| #define STDC_HEADERS 1
| #define HAVE_SYS_TYPES_H 1
| #define HAVE_SYS_STAT_H 1
| #define HAVE_STDLIB_H 1
| #define HAVE_STRING_H 1
| #define HAVE_MEMORY_H 1
| #define HAVE_STRINGS_H 1
| #define HAVE_INTTYPES_H 1
| #define HAVE_STDINT_H 1
| #define HAVE_UNISTD_H 1
| #define HAVE_DLFCN_H 1
| #define LT_OBJDIR ".libs/"
| #define EMULATED_HOST_CPU_TYPE 12
| #define EMULATED_HOST_CPU_SUBTYPE 0
| #define __STDC_LIMIT_MACROS 1
| #define __STDC_CONSTANT_MACROS 1
| /* end confdefs.h.  */
| #include <sys/types.h>
| 		#include <sys/param.h>
| 
| int
| main ()
| {
| #if BYTE_ORDER != BIG_ENDIAN
| 		 not big endian
| 		#endif
| 
|   ;
|   return 0;
| }
configure:17047: result: no
configure:17070: checking for llvm-config
configure:17086: found /usr/bin/llvm-config
configure:17098: result: yes
configure:17132: "Your system is 32bit, enable ld_classic build"
configure:17339: creating ./config.status

## ---------------------- ##
## Running config.status. ##
## ---------------------- ##

This file was extended by cctools config.status 836, which was
generated by GNU Autoconf 2.68.  Invocation command line was

  CONFIG_FILES    = 
  CONFIG_HEADERS  = 
  CONFIG_LINKS    = 
  CONFIG_COMMANDS = 
  $ ./config.status 

on linaro-ubuntu-desktop

config.status:1205: creating Makefile
config.status:1205: creating libstuff/Makefile
config.status:1205: creating ar/Makefile
config.status:1205: creating as/Makefile
config.status:1205: creating as/arm/Makefile
config.status:1205: creating as/i386/Makefile
config.status:1205: creating as/x86_64/Makefile
config.status:1205: creating as/ppc/Makefile
config.status:1205: creating as/ppc64/Makefile
config.status:1205: creating misc/Makefile
config.status:1205: creating otool/Makefile
config.status:1205: creating libobjc2/Makefile
config.status:1205: creating ld/Makefile
config.status:1205: creating ld64/Makefile
config.status:1205: creating ld64/src/Makefile
config.status:1205: creating ld64/src/3rd/Makefile
config.status:1205: creating ld64/src/3rd/BlocksRuntime/Makefile
config.status:1205: creating ld64/src/ld/Makefile
config.status:1205: creating ld64/src/ld/parsers/Makefile
config.status:1205: creating ld64/src/ld/passes/Makefile
config.status:1205: creating ld64/src/other/Makefile
config.status:1205: creating include/config.h
config.status:1386: include/config.h is unchanged
config.status:1434: executing depfiles commands
config.status:1434: executing libtool commands

## ---------------- ##
## Cache variables. ##
## ---------------- ##

ac_cv_build=armv7l-unknown-linux-gnueabihf
ac_cv_c_bigendian=no
ac_cv_c_compiler_gnu=yes
ac_cv_cxx_compiler_gnu=yes
ac_cv_env_CCASFLAGS_set=
ac_cv_env_CCASFLAGS_value=
ac_cv_env_CCAS_set=
ac_cv_env_CCAS_value=
ac_cv_env_CCC_set=
ac_cv_env_CCC_value=
ac_cv_env_CC_set=
ac_cv_env_CC_value=
ac_cv_env_CFLAGS_set=
ac_cv_env_CFLAGS_value=
ac_cv_env_CPPFLAGS_set=
ac_cv_env_CPPFLAGS_value=
ac_cv_env_CPP_set=
ac_cv_env_CPP_value=
ac_cv_env_CXXCPP_set=
ac_cv_env_CXXCPP_value=
ac_cv_env_CXXFLAGS_set=
ac_cv_env_CXXFLAGS_value=
ac_cv_env_CXX_set=
ac_cv_env_CXX_value=
ac_cv_env_LDFLAGS_set=
ac_cv_env_LDFLAGS_value=
ac_cv_env_LIBS_set=
ac_cv_env_LIBS_value=
ac_cv_env_OBJCFLAGS_set=
ac_cv_env_OBJCFLAGS_value=
ac_cv_env_OBJC_set=
ac_cv_env_OBJC_value=
ac_cv_env_build_alias_set=
ac_cv_env_build_alias_value=
ac_cv_env_host_alias_set=
ac_cv_env_host_alias_value=
ac_cv_env_target_alias_set=set
ac_cv_env_target_alias_value=arm-apple-darwin11
ac_cv_header_dlfcn_h=yes
ac_cv_header_inttypes_h=yes
ac_cv_header_memory_h=yes
ac_cv_header_stdc=yes
ac_cv_header_stdint_h=yes
ac_cv_header_stdlib_h=yes
ac_cv_header_string_h=yes
ac_cv_header_strings_h=yes
ac_cv_header_sys_stat_h=yes
ac_cv_header_sys_types_h=yes
ac_cv_header_unistd_h=yes
ac_cv_host=armv7l-unknown-linux-gnueabihf
ac_cv_lib_crypto_MD5_Init=yes
ac_cv_lib_dl_dlopen=yes
ac_cv_lib_pthread_pthread_create=yes
ac_cv_lib_uuid_uuid_generate_random=yes
ac_cv_objc_compiler_gnu=yes
ac_cv_objext=o
ac_cv_path_EGREP='/bin/grep -E'
ac_cv_path_FGREP='/bin/grep -F'
ac_cv_path_GREP=/bin/grep
ac_cv_path_SED=/bin/sed
ac_cv_path_install='/usr/bin/install -c'
ac_cv_path_mkdir=/bin/mkdir
ac_cv_prog_AWK=gawk
ac_cv_prog_CPP='clang -E'
ac_cv_prog_CXXCPP='clang++ -E'
ac_cv_prog_ac_ct_AR=ar
ac_cv_prog_ac_ct_CC=clang
ac_cv_prog_ac_ct_HOST_AR=ar
ac_cv_prog_ac_ct_HOST_RANLIB=ranlib
ac_cv_prog_ac_ct_MANIFEST_TOOL=mt
ac_cv_prog_ac_ct_OBJC=clang
ac_cv_prog_ac_ct_OBJDUMP=objdump
ac_cv_prog_ac_ct_RANLIB=ranlib
ac_cv_prog_ac_ct_STRIP=strip
ac_cv_prog_cc_c89=
ac_cv_prog_cc_clang_c_o=yes
ac_cv_prog_cc_g=yes
ac_cv_prog_cxx_g=yes
ac_cv_prog_llvm_config=yes
ac_cv_prog_make_make_set=yes
ac_cv_prog_objc_g=yes
ac_cv_target=arm-apple-darwin11
am_cv_CCAS_dependencies_compiler_type=gcc3
am_cv_CC_dependencies_compiler_type=gcc3
am_cv_CXX_dependencies_compiler_type=gcc3
am_cv_OBJC_dependencies_compiler_type=gcc3
am_cv_prog_tar_ustar=gnutar
lt_cv_ar_at_file=@
lt_cv_archive_cmds_need_lc=no
lt_cv_deplibs_check_method=pass_all
lt_cv_file_magic_cmd='$MAGIC_CMD'
lt_cv_file_magic_test_file=
lt_cv_ld_reload_flag=-r
lt_cv_nm_interface='BSD nm'
lt_cv_objdir=.libs
lt_cv_path_LD=/usr/bin/ld
lt_cv_path_LDCXX=/usr/bin/ld
lt_cv_path_NM='/usr/bin/nm -B'
lt_cv_path_mainfest_tool=no
lt_cv_prog_compiler_c_o=yes
lt_cv_prog_compiler_c_o_CXX=yes
lt_cv_prog_compiler_pic='-fPIC -DPIC'
lt_cv_prog_compiler_pic_CXX='-fPIC -DPIC'
lt_cv_prog_compiler_pic_works=yes
lt_cv_prog_compiler_pic_works_CXX=yes
lt_cv_prog_compiler_rtti_exceptions=yes
lt_cv_prog_compiler_static_works=yes
lt_cv_prog_compiler_static_works_CXX=yes
lt_cv_prog_gnu_ld=yes
lt_cv_prog_gnu_ldcxx=yes
lt_cv_sharedlib_from_linklib_cmd='printf %s\n'
lt_cv_shlibpath_overrides_runpath=no
lt_cv_sys_global_symbol_pipe='sed -n -e '\''s/^.*[	 ]\([ABCDGIRSTW][ABCDGIRSTW]*\)[	 ][	 ]*\([_A-Za-z][_A-Za-z0-9]*\)$/\1 \2 \2/p'\'' | sed '\''/ __gnu_lto/d'\'''
lt_cv_sys_global_symbol_to_c_name_address='sed -n -e '\''s/^: \([^ ]*\)[ ]*$/  {\"\1\", (void *) 0},/p'\'' -e '\''s/^[ABCDGIRSTW]* \([^ ]*\) \([^ ]*\)$/  {"\2", (void *) \&\2},/p'\'''
lt_cv_sys_global_symbol_to_c_name_address_lib_prefix='sed -n -e '\''s/^: \([^ ]*\)[ ]*$/  {\"\1\", (void *) 0},/p'\'' -e '\''s/^[ABCDGIRSTW]* \([^ ]*\) \(lib[^ ]*\)$/  {"\2", (void *) \&\2},/p'\'' -e '\''s/^[ABCDGIRSTW]* \([^ ]*\) \([^ ]*\)$/  {"lib\2", (void *) \&\2},/p'\'''
lt_cv_sys_global_symbol_to_cdecl='sed -n -e '\''s/^T .* \(.*\)$/extern int \1();/p'\'' -e '\''s/^[ABCDGIRSTW]* .* \(.*\)$/extern char \1;/p'\'''
lt_cv_sys_max_cmd_len=805306365
lt_cv_to_host_file_cmd=func_convert_file_noop
lt_cv_to_tool_file_cmd=func_convert_file_noop

## ----------------- ##
## Output variables. ##
## ----------------- ##

ACLOCAL='${SHELL} /media/mmc2/xnu-deps-linux/cctools-836/missing --run aclocal-1.11'
AMDEPBACKSLASH='\'
AMDEP_FALSE='#'
AMDEP_TRUE=''
AMTAR='$${TAR-tar}'
AR='ar'
ASLIBEXECDIR='${libexecdir}/as'
AUTOCONF='${SHELL} /media/mmc2/xnu-deps-linux/cctools-836/missing --run autoconf'
AUTOHEADER='${SHELL} /media/mmc2/xnu-deps-linux/cctools-836/missing --run autoheader'
AUTOMAKE='${SHELL} /media/mmc2/xnu-deps-linux/cctools-836/missing --run automake-1.11'
AWK='gawk'
CC='clang'
CCAS='clang'
CCASDEPMODE='depmode=gcc3'
CCASFLAGS='-g -O2'
CCDEPMODE='depmode=gcc3'
CFLAGS='-g -O2'
CPP='clang -E'
CPPFLAGS=''
CRYPT_LIBS='-lcrypto'
CXX='clang++'
CXXCPP='clang++ -E'
CXXDEPMODE='depmode=gcc3'
CXXFLAGS='-g -O2'
CYGPATH_W='echo'
DEFS='-DHAVE_CONFIG_H'
DEPDIR='.deps'
DLLTOOL='false'
DL_LIBS='-ldl'
DSYMUTIL=''
DUMPBIN=''
ECHO_C=''
ECHO_N='-n'
ECHO_T=''
EGREP='/bin/grep -E'
ENDIAN_FLAG='-D__LITTLE_ENDIAN__=1'
EXEEXT=''
FGREP='/bin/grep -F'
GREP='/bin/grep'
HOST_AR='ar'
HOST_RANLIB='ranlib'
INSTALL_DATA='${INSTALL} -m 644'
INSTALL_PROGRAM='${INSTALL}'
INSTALL_SCRIPT='${INSTALL}'
INSTALL_STRIP_PROGRAM='$(install_sh) -c -s'
LD='/usr/bin/ld'
LDFLAGS=''
LD_CLASSIC='ld'
LIBOBJS=''
LIBS=''
LIBTOOL='$(SHELL) $(top_builddir)/libtool'
LIPO=''
LN_S='ln -s'
LTLIBOBJS=''
LTO_DEFS='-DLTO_SUPPORT=1'
LTO_LIBS='-L/usr/lib/llvm-2.9/lib -lLTO'
MAINT='#'
MAINTAINER_MODE_FALSE=''
MAINTAINER_MODE_TRUE='#'
MAKEINFO='${SHELL} /media/mmc2/xnu-deps-linux/cctools-836/missing --run makeinfo'
MANIFEST_TOOL=':'
MKDIR_P='/bin/mkdir -p'
NM='/usr/bin/nm -B'
NMEDIT=''
OBJC='clang'
OBJCDEPMODE='depmode=gcc3'
OBJCFLAGS='-g -O2'
OBJDUMP='objdump'
OBJEXT='o'
OTOOL64=''
OTOOL=''
PACKAGE='cctools'
PACKAGE_BUGREPORT='cjacker@gmail.com'
PACKAGE_NAME='cctools'
PACKAGE_STRING='cctools 836'
PACKAGE_TARNAME='cctools'
PACKAGE_URL=''
PACKAGE_VERSION='836'
PATH_SEPARATOR=':'
PROGRAM_PREFIX='${target_alias}-'
PTHREAD_FLAGS='-pthread'
RANLIB='ranlib'
SED='/bin/sed'
SET_MAKE=''
SHELL='/bin/bash'
STRIP='strip'
UUID_LIBS='-luuid'
VERSION='836'
WARNINGS=' -Wall -Wno-long-long -Wno-import -Wno-format -Wno-deprecated -Wno-unused-variable -Wno-invalid-offsetof'
ac_ct_AR='ar'
ac_ct_CC='clang'
ac_ct_CXX=''
ac_ct_DUMPBIN=''
ac_ct_OBJC='clang'
am__EXEEXT_FALSE=''
am__EXEEXT_TRUE='#'
am__fastdepCCAS_FALSE='#'
am__fastdepCCAS_TRUE=''
am__fastdepCC_FALSE='#'
am__fastdepCC_TRUE=''
am__fastdepCXX_FALSE='#'
am__fastdepCXX_TRUE=''
am__fastdepOBJC_FALSE='#'
am__fastdepOBJC_TRUE=''
am__include='include'
am__isrc=''
am__leading_dot='.'
am__nodep='_no'
am__quote=''
am__tar='tar --format=ustar -chf - "$$tardir"'
am__untar='tar -xf -'
bindir='${exec_prefix}/bin'
build='armv7l-unknown-linux-gnueabihf'
build_alias=''
build_cpu='armv7l'
build_os='linux-gnueabihf'
build_vendor='unknown'
datadir='${datarootdir}'
datarootdir='${prefix}/share'
docdir='${datarootdir}/doc/${PACKAGE_TARNAME}'
dvidir='${docdir}'
exec_prefix='${prefix}'
host='armv7l-unknown-linux-gnueabihf'
host_alias=''
host_cpu='armv7l'
host_os='linux-gnueabihf'
host_vendor='unknown'
htmldir='${docdir}'
includedir='${prefix}/include'
infodir='${datarootdir}/info'
install_sh='${SHELL} /media/mmc2/xnu-deps-linux/cctools-836/install-sh'
libdir='${exec_prefix}/lib'
libexecdir='${exec_prefix}/libexec'
llvm_config='yes'
localedir='${datarootdir}/locale'
localstatedir='${prefix}/var'
mandir='${datarootdir}/man'
mkdir_p='/bin/mkdir -p'
oldincludedir='/usr/include'
pdfdir='${docdir}'
prefix='/'
program_transform_name='s&^&arm-apple-darwin11-&'
psdir='${docdir}'
sbindir='${exec_prefix}/sbin'
sharedstatedir='${prefix}/com'
sysconfdir='${prefix}/etc'
target='arm-apple-darwin11'
target_alias='arm-apple-darwin11'
target_cpu='arm'
target_os='darwin11'
target_vendor='apple'

## ----------- ##
## confdefs.h. ##
## ----------- ##

/* confdefs.h */
#define PACKAGE_NAME "cctools"
#define PACKAGE_TARNAME "cctools"
#define PACKAGE_VERSION "836"
#define PACKAGE_STRING "cctools 836"
#define PACKAGE_BUGREPORT "cjacker@gmail.com"
#define PACKAGE_URL ""
#define STDC_HEADERS 1
#define HAVE_SYS_TYPES_H 1
#define HAVE_SYS_STAT_H 1
#define HAVE_STDLIB_H 1
#define HAVE_STRING_H 1
#define HAVE_MEMORY_H 1
#define HAVE_STRINGS_H 1
#define HAVE_INTTYPES_H 1
#define HAVE_STDINT_H 1
#define HAVE_UNISTD_H 1
#define HAVE_DLFCN_H 1
#define LT_OBJDIR ".libs/"
#define EMULATED_HOST_CPU_TYPE 12
#define EMULATED_HOST_CPU_SUBTYPE 0
#define __STDC_LIMIT_MACROS 1
#define __STDC_CONSTANT_MACROS 1

configure: exit 0
